<?xml version="1.0" encoding="UTF-8"?>
<testsuite xmlns:xsi="http://www.w3.org/2001/XMLSchema-instance" xsi:noNamespaceSchemaLocation="https://maven.apache.org/surefire/maven-surefire-plugin/xsd/surefire-test-report.xsd" name="com.test.demo.DemoApplicationTests" time="22.943" tests="1" errors="0" skipped="0" failures="0">
  <properties>
    <property name="sun.desktop" value="windows"/>
    <property name="awt.toolkit" value="sun.awt.windows.WToolkit"/>
    <property name="file.encoding.pkg" value="sun.io"/>
    <property name="java.specification.version" value="1.8"/>
    <property name="sun.cpu.isalist" value="amd64"/>
    <property name="sun.jnu.encoding" value="GBK"/>
    <property name="java.class.path" value="G:\books\demo\target\test-classes;G:\books\demo\target\classes;E:\maven3.6\repository\org\springframework\boot\spring-boot-starter-web\2.1.1.RELEASE\spring-boot-starter-web-2.1.1.RELEASE.jar;E:\maven3.6\repository\org\springframework\boot\spring-boot-starter\2.1.1.RELEASE\spring-boot-starter-2.1.1.RELEASE.jar;E:\maven3.6\repository\org\springframework\boot\spring-boot-starter-logging\2.1.1.RELEASE\spring-boot-starter-logging-2.1.1.RELEASE.jar;E:\maven3.6\repository\ch\qos\logback\logback-classic\1.2.3\logback-classic-1.2.3.jar;E:\maven3.6\repository\ch\qos\logback\logback-core\1.2.3\logback-core-1.2.3.jar;E:\maven3.6\repository\org\apache\logging\log4j\log4j-to-slf4j\2.11.1\log4j-to-slf4j-2.11.1.jar;E:\maven3.6\repository\org\apache\logging\log4j\log4j-api\2.11.1\log4j-api-2.11.1.jar;E:\maven3.6\repository\org\slf4j\jul-to-slf4j\1.7.25\jul-to-slf4j-1.7.25.jar;E:\maven3.6\repository\org\yaml\snakeyaml\1.23\snakeyaml-1.23.jar;E:\maven3.6\repository\org\springframework\boot\spring-boot-starter-json\2.1.1.RELEASE\spring-boot-starter-json-2.1.1.RELEASE.jar;E:\maven3.6\repository\com\fasterxml\jackson\core\jackson-databind\2.9.7\jackson-databind-2.9.7.jar;E:\maven3.6\repository\com\fasterxml\jackson\core\jackson-annotations\2.9.0\jackson-annotations-2.9.0.jar;E:\maven3.6\repository\com\fasterxml\jackson\datatype\jackson-datatype-jdk8\2.9.7\jackson-datatype-jdk8-2.9.7.jar;E:\maven3.6\repository\com\fasterxml\jackson\datatype\jackson-datatype-jsr310\2.9.7\jackson-datatype-jsr310-2.9.7.jar;E:\maven3.6\repository\com\fasterxml\jackson\module\jackson-module-parameter-names\2.9.7\jackson-module-parameter-names-2.9.7.jar;E:\maven3.6\repository\org\hibernate\validator\hibernate-validator\6.0.13.Final\hibernate-validator-6.0.13.Final.jar;E:\maven3.6\repository\javax\validation\validation-api\2.0.1.Final\validation-api-2.0.1.Final.jar;E:\maven3.6\repository\org\jboss\logging\jboss-logging\3.3.2.Final\jboss-logging-3.3.2.Final.jar;E:\maven3.6\repository\com\fasterxml\classmate\1.4.0\classmate-1.4.0.jar;E:\maven3.6\repository\org\springframework\spring-web\5.1.3.RELEASE\spring-web-5.1.3.RELEASE.jar;E:\maven3.6\repository\org\springframework\spring-beans\5.1.3.RELEASE\spring-beans-5.1.3.RELEASE.jar;E:\maven3.6\repository\org\springframework\spring-webmvc\5.1.3.RELEASE\spring-webmvc-5.1.3.RELEASE.jar;E:\maven3.6\repository\org\springframework\spring-aop\5.1.3.RELEASE\spring-aop-5.1.3.RELEASE.jar;E:\maven3.6\repository\org\springframework\spring-context\5.1.3.RELEASE\spring-context-5.1.3.RELEASE.jar;E:\maven3.6\repository\org\springframework\spring-expression\5.1.3.RELEASE\spring-expression-5.1.3.RELEASE.jar;E:\maven3.6\repository\org\springframework\boot\spring-boot-starter-tomcat\2.1.1.RELEASE\spring-boot-starter-tomcat-2.1.1.RELEASE.jar;E:\maven3.6\repository\javax\annotation\javax.annotation-api\1.3.2\javax.annotation-api-1.3.2.jar;E:\maven3.6\repository\org\apache\tomcat\embed\tomcat-embed-core\9.0.13\tomcat-embed-core-9.0.13.jar;E:\maven3.6\repository\org\apache\tomcat\embed\tomcat-embed-el\9.0.13\tomcat-embed-el-9.0.13.jar;E:\maven3.6\repository\org\apache\tomcat\embed\tomcat-embed-websocket\9.0.13\tomcat-embed-websocket-9.0.13.jar;E:\maven3.6\repository\org\springframework\boot\spring-boot-devtools\2.1.1.RELEASE\spring-boot-devtools-2.1.1.RELEASE.jar;E:\maven3.6\repository\org\springframework\boot\spring-boot\2.1.1.RELEASE\spring-boot-2.1.1.RELEASE.jar;E:\maven3.6\repository\org\springframework\boot\spring-boot-autoconfigure\2.1.1.RELEASE\spring-boot-autoconfigure-2.1.1.RELEASE.jar;E:\maven3.6\repository\org\springframework\boot\spring-boot-starter-data-jpa\2.1.1.RELEASE\spring-boot-starter-data-jpa-2.1.1.RELEASE.jar;E:\maven3.6\repository\org\springframework\boot\spring-boot-starter-aop\2.1.1.RELEASE\spring-boot-starter-aop-2.1.1.RELEASE.jar;E:\maven3.6\repository\org\aspectj\aspectjweaver\1.9.2\aspectjweaver-1.9.2.jar;E:\maven3.6\repository\org\springframework\boot\spring-boot-starter-jdbc\2.1.1.RELEASE\spring-boot-starter-jdbc-2.1.1.RELEASE.jar;E:\maven3.6\repository\com\zaxxer\HikariCP\3.2.0\HikariCP-3.2.0.jar;E:\maven3.6\repository\org\springframework\spring-jdbc\5.1.3.RELEASE\spring-jdbc-5.1.3.RELEASE.jar;E:\maven3.6\repository\javax\transaction\javax.transaction-api\1.3\javax.transaction-api-1.3.jar;E:\maven3.6\repository\javax\xml\bind\jaxb-api\2.3.1\jaxb-api-2.3.1.jar;E:\maven3.6\repository\javax\activation\javax.activation-api\1.2.0\javax.activation-api-1.2.0.jar;E:\maven3.6\repository\org\hibernate\hibernate-core\5.3.7.Final\hibernate-core-5.3.7.Final.jar;E:\maven3.6\repository\javax\persistence\javax.persistence-api\2.2\javax.persistence-api-2.2.jar;E:\maven3.6\repository\org\javassist\javassist\3.23.1-GA\javassist-3.23.1-GA.jar;E:\maven3.6\repository\net\bytebuddy\byte-buddy\1.9.5\byte-buddy-1.9.5.jar;E:\maven3.6\repository\antlr\antlr\2.7.7\antlr-2.7.7.jar;E:\maven3.6\repository\org\jboss\jandex\2.0.5.Final\jandex-2.0.5.Final.jar;E:\maven3.6\repository\org\dom4j\dom4j\2.1.1\dom4j-2.1.1.jar;E:\maven3.6\repository\org\hibernate\common\hibernate-commons-annotations\5.0.4.Final\hibernate-commons-annotations-5.0.4.Final.jar;E:\maven3.6\repository\org\springframework\data\spring-data-jpa\2.1.3.RELEASE\spring-data-jpa-2.1.3.RELEASE.jar;E:\maven3.6\repository\org\springframework\data\spring-data-commons\2.1.3.RELEASE\spring-data-commons-2.1.3.RELEASE.jar;E:\maven3.6\repository\org\springframework\spring-orm\5.1.3.RELEASE\spring-orm-5.1.3.RELEASE.jar;E:\maven3.6\repository\org\springframework\spring-tx\5.1.3.RELEASE\spring-tx-5.1.3.RELEASE.jar;E:\maven3.6\repository\org\slf4j\slf4j-api\1.7.25\slf4j-api-1.7.25.jar;E:\maven3.6\repository\org\springframework\spring-aspects\5.1.3.RELEASE\spring-aspects-5.1.3.RELEASE.jar;E:\maven3.6\repository\org\springframework\boot\spring-boot-starter-data-redis\2.1.1.RELEASE\spring-boot-starter-data-redis-2.1.1.RELEASE.jar;E:\maven3.6\repository\org\springframework\data\spring-data-redis\2.1.3.RELEASE\spring-data-redis-2.1.3.RELEASE.jar;E:\maven3.6\repository\org\springframework\data\spring-data-keyvalue\2.1.3.RELEASE\spring-data-keyvalue-2.1.3.RELEASE.jar;E:\maven3.6\repository\org\springframework\spring-oxm\5.1.3.RELEASE\spring-oxm-5.1.3.RELEASE.jar;E:\maven3.6\repository\org\springframework\spring-context-support\5.1.3.RELEASE\spring-context-support-5.1.3.RELEASE.jar;E:\maven3.6\repository\io\lettuce\lettuce-core\5.1.3.RELEASE\lettuce-core-5.1.3.RELEASE.jar;E:\maven3.6\repository\io\projectreactor\reactor-core\3.2.3.RELEASE\reactor-core-3.2.3.RELEASE.jar;E:\maven3.6\repository\org\reactivestreams\reactive-streams\1.0.2\reactive-streams-1.0.2.jar;E:\maven3.6\repository\io\netty\netty-common\4.1.31.Final\netty-common-4.1.31.Final.jar;E:\maven3.6\repository\io\netty\netty-transport\4.1.31.Final\netty-transport-4.1.31.Final.jar;E:\maven3.6\repository\io\netty\netty-buffer\4.1.31.Final\netty-buffer-4.1.31.Final.jar;E:\maven3.6\repository\io\netty\netty-resolver\4.1.31.Final\netty-resolver-4.1.31.Final.jar;E:\maven3.6\repository\io\netty\netty-handler\4.1.31.Final\netty-handler-4.1.31.Final.jar;E:\maven3.6\repository\io\netty\netty-codec\4.1.31.Final\netty-codec-4.1.31.Final.jar;E:\maven3.6\repository\org\springframework\boot\spring-boot-starter-test\2.1.1.RELEASE\spring-boot-starter-test-2.1.1.RELEASE.jar;E:\maven3.6\repository\org\springframework\boot\spring-boot-test\2.1.1.RELEASE\spring-boot-test-2.1.1.RELEASE.jar;E:\maven3.6\repository\org\springframework\boot\spring-boot-test-autoconfigure\2.1.1.RELEASE\spring-boot-test-autoconfigure-2.1.1.RELEASE.jar;E:\maven3.6\repository\com\jayway\jsonpath\json-path\2.4.0\json-path-2.4.0.jar;E:\maven3.6\repository\net\minidev\json-smart\2.3\json-smart-2.3.jar;E:\maven3.6\repository\net\minidev\accessors-smart\1.2\accessors-smart-1.2.jar;E:\maven3.6\repository\org\ow2\asm\asm\5.0.4\asm-5.0.4.jar;E:\maven3.6\repository\org\assertj\assertj-core\3.11.1\assertj-core-3.11.1.jar;E:\maven3.6\repository\org\mockito\mockito-core\2.23.4\mockito-core-2.23.4.jar;E:\maven3.6\repository\net\bytebuddy\byte-buddy-agent\1.9.5\byte-buddy-agent-1.9.5.jar;E:\maven3.6\repository\org\objenesis\objenesis\2.6\objenesis-2.6.jar;E:\maven3.6\repository\org\hamcrest\hamcrest-core\1.3\hamcrest-core-1.3.jar;E:\maven3.6\repository\org\hamcrest\hamcrest-library\1.3\hamcrest-library-1.3.jar;E:\maven3.6\repository\org\skyscreamer\jsonassert\1.5.0\jsonassert-1.5.0.jar;E:\maven3.6\repository\com\vaadin\external\google\android-json\0.0.20131108.vaadin1\android-json-0.0.20131108.vaadin1.jar;E:\maven3.6\repository\org\springframework\spring-core\5.1.3.RELEASE\spring-core-5.1.3.RELEASE.jar;E:\maven3.6\repository\org\springframework\spring-jcl\5.1.3.RELEASE\spring-jcl-5.1.3.RELEASE.jar;E:\maven3.6\repository\org\springframework\spring-test\5.1.3.RELEASE\spring-test-5.1.3.RELEASE.jar;E:\maven3.6\repository\org\xmlunit\xmlunit-core\2.6.2\xmlunit-core-2.6.2.jar;E:\maven3.6\repository\org\springframework\boot\spring-boot-starter-thymeleaf\2.1.1.RELEASE\spring-boot-starter-thymeleaf-2.1.1.RELEASE.jar;E:\maven3.6\repository\org\thymeleaf\thymeleaf-spring5\3.0.11.RELEASE\thymeleaf-spring5-3.0.11.RELEASE.jar;E:\maven3.6\repository\org\thymeleaf\thymeleaf\3.0.11.RELEASE\thymeleaf-3.0.11.RELEASE.jar;E:\maven3.6\repository\org\attoparser\attoparser\2.0.5.RELEASE\attoparser-2.0.5.RELEASE.jar;E:\maven3.6\repository\org\unbescape\unbescape\1.1.6.RELEASE\unbescape-1.1.6.RELEASE.jar;E:\maven3.6\repository\org\thymeleaf\extras\thymeleaf-extras-java8time\3.0.2.RELEASE\thymeleaf-extras-java8time-3.0.2.RELEASE.jar;E:\maven3.6\repository\org\springframework\boot\spring-boot-starter-data-elasticsearch\2.1.1.RELEASE\spring-boot-starter-data-elasticsearch-2.1.1.RELEASE.jar;E:\maven3.6\repository\org\springframework\data\spring-data-elasticsearch\3.1.3.RELEASE\spring-data-elasticsearch-3.1.3.RELEASE.jar;E:\maven3.6\repository\joda-time\joda-time\2.10.1\joda-time-2.10.1.jar;E:\maven3.6\repository\org\elasticsearch\client\transport\6.4.3\transport-6.4.3.jar;E:\maven3.6\repository\org\elasticsearch\elasticsearch\6.4.3\elasticsearch-6.4.3.jar;E:\maven3.6\repository\org\elasticsearch\elasticsearch-core\6.4.3\elasticsearch-core-6.4.3.jar;E:\maven3.6\repository\org\elasticsearch\elasticsearch-secure-sm\6.4.3\elasticsearch-secure-sm-6.4.3.jar;E:\maven3.6\repository\org\elasticsearch\elasticsearch-x-content\6.4.3\elasticsearch-x-content-6.4.3.jar;E:\maven3.6\repository\com\fasterxml\jackson\dataformat\jackson-dataformat-smile\2.9.7\jackson-dataformat-smile-2.9.7.jar;E:\maven3.6\repository\com\fasterxml\jackson\dataformat\jackson-dataformat-yaml\2.9.7\jackson-dataformat-yaml-2.9.7.jar;E:\maven3.6\repository\com\fasterxml\jackson\dataformat\jackson-dataformat-cbor\2.9.7\jackson-dataformat-cbor-2.9.7.jar;E:\maven3.6\repository\org\apache\lucene\lucene-core\7.4.0\lucene-core-7.4.0.jar;E:\maven3.6\repository\org\apache\lucene\lucene-analyzers-common\7.4.0\lucene-analyzers-common-7.4.0.jar;E:\maven3.6\repository\org\apache\lucene\lucene-backward-codecs\7.4.0\lucene-backward-codecs-7.4.0.jar;E:\maven3.6\repository\org\apache\lucene\lucene-grouping\7.4.0\lucene-grouping-7.4.0.jar;E:\maven3.6\repository\org\apache\lucene\lucene-highlighter\7.4.0\lucene-highlighter-7.4.0.jar;E:\maven3.6\repository\org\apache\lucene\lucene-join\7.4.0\lucene-join-7.4.0.jar;E:\maven3.6\repository\org\apache\lucene\lucene-memory\7.4.0\lucene-memory-7.4.0.jar;E:\maven3.6\repository\org\apache\lucene\lucene-misc\7.4.0\lucene-misc-7.4.0.jar;E:\maven3.6\repository\org\apache\lucene\lucene-queries\7.4.0\lucene-queries-7.4.0.jar;E:\maven3.6\repository\org\apache\lucene\lucene-queryparser\7.4.0\lucene-queryparser-7.4.0.jar;E:\maven3.6\repository\org\apache\lucene\lucene-sandbox\7.4.0\lucene-sandbox-7.4.0.jar;E:\maven3.6\repository\org\apache\lucene\lucene-spatial\7.4.0\lucene-spatial-7.4.0.jar;E:\maven3.6\repository\org\apache\lucene\lucene-spatial-extras\7.4.0\lucene-spatial-extras-7.4.0.jar;E:\maven3.6\repository\org\apache\lucene\lucene-spatial3d\7.4.0\lucene-spatial3d-7.4.0.jar;E:\maven3.6\repository\org\apache\lucene\lucene-suggest\7.4.0\lucene-suggest-7.4.0.jar;E:\maven3.6\repository\org\elasticsearch\elasticsearch-cli\6.4.3\elasticsearch-cli-6.4.3.jar;E:\maven3.6\repository\net\sf\jopt-simple\jopt-simple\5.0.2\jopt-simple-5.0.2.jar;E:\maven3.6\repository\com\carrotsearch\hppc\0.7.1\hppc-0.7.1.jar;E:\maven3.6\repository\com\tdunning\t-digest\3.2\t-digest-3.2.jar;E:\maven3.6\repository\org\hdrhistogram\HdrHistogram\2.1.9\HdrHistogram-2.1.9.jar;E:\maven3.6\repository\org\elasticsearch\jna\4.5.1\jna-4.5.1.jar;E:\maven3.6\repository\org\elasticsearch\plugin\reindex-client\6.4.3\reindex-client-6.4.3.jar;E:\maven3.6\repository\org\elasticsearch\client\elasticsearch-rest-client\6.4.3\elasticsearch-rest-client-6.4.3.jar;E:\maven3.6\repository\org\apache\httpcomponents\httpclient\4.5.6\httpclient-4.5.6.jar;E:\maven3.6\repository\org\apache\httpcomponents\httpcore\4.4.10\httpcore-4.4.10.jar;E:\maven3.6\repository\org\apache\httpcomponents\httpasyncclient\4.1.4\httpasyncclient-4.1.4.jar;E:\maven3.6\repository\org\apache\httpcomponents\httpcore-nio\4.4.10\httpcore-nio-4.4.10.jar;E:\maven3.6\repository\commons-codec\commons-codec\1.11\commons-codec-1.11.jar;E:\maven3.6\repository\org\elasticsearch\plugin\lang-mustache-client\6.4.3\lang-mustache-client-6.4.3.jar;E:\maven3.6\repository\com\github\spullara\mustache\java\compiler\0.9.3\compiler-0.9.3.jar;E:\maven3.6\repository\org\elasticsearch\plugin\percolator-client\6.4.3\percolator-client-6.4.3.jar;E:\maven3.6\repository\org\elasticsearch\plugin\parent-join-client\6.4.3\parent-join-client-6.4.3.jar;E:\maven3.6\repository\org\elasticsearch\plugin\rank-eval-client\6.4.3\rank-eval-client-6.4.3.jar;E:\maven3.6\repository\com\fasterxml\jackson\core\jackson-core\2.9.7\jackson-core-2.9.7.jar;E:\maven3.6\repository\org\elasticsearch\plugin\transport-netty4-client\6.4.3\transport-netty4-client-6.4.3.jar;E:\maven3.6\repository\io\netty\netty-codec-http\4.1.31.Final\netty-codec-http-4.1.31.Final.jar;E:\maven3.6\repository\com\sun\jna\jna\3.0.9\jna-3.0.9.jar;E:\maven3.6\repository\net\sourceforge\nekohtml\nekohtml\1.9.22\nekohtml-1.9.22.jar;E:\maven3.6\repository\xerces\xercesImpl\2.11.0\xercesImpl-2.11.0.jar;E:\maven3.6\repository\xml-apis\xml-apis\1.4.01\xml-apis-1.4.01.jar;E:\maven3.6\repository\junit\junit\4.12\junit-4.12.jar;E:\maven3.6\repository\org\apache\tomcat\embed\tomcat-embed-jasper\8.5.23\tomcat-embed-jasper-8.5.23.jar;E:\maven3.6\repository\org\eclipse\jdt\ecj\3.12.3\ecj-3.12.3.jar;E:\maven3.6\repository\mysql\mysql-connector-java\5.1.21\mysql-connector-java-5.1.21.jar;E:\maven3.6\repository\commons-lang\commons-lang\2.6\commons-lang-2.6.jar;E:\maven3.6\repository\org\apache\shiro\shiro-spring\1.3.2\shiro-spring-1.3.2.jar;E:\maven3.6\repository\org\apache\shiro\shiro-core\1.3.2\shiro-core-1.3.2.jar;E:\maven3.6\repository\commons-beanutils\commons-beanutils\1.8.3\commons-beanutils-1.8.3.jar;E:\maven3.6\repository\org\apache\shiro\shiro-web\1.3.2\shiro-web-1.3.2.jar;E:\maven3.6\repository\org\hsqldb\hsqldb\2.4.1\hsqldb-2.4.1.jar;E:\maven3.6\repository\net\gplatform\Sdk4J\2.0\Sdk4J-2.0.jar;"/>
    <property name="java.vm.vendor" value="Oracle Corporation"/>
    <property name="sun.arch.data.model" value="64"/>
    <property name="user.variant" value=""/>
    <property name="java.vendor.url" value="http://java.oracle.com/"/>
    <property name="user.timezone" value="Asia/Shanghai"/>
    <property name="java.vm.specification.version" value="1.8"/>
    <property name="os.name" value="Windows 10"/>
    <property name="user.country" value="CN"/>
    <property name="sun.java.launcher" value="SUN_STANDARD"/>
    <property name="sun.boot.library.path" value="C:\Program Files\Java\jdk1.8.0_92\jre\bin"/>
    <property name="sun.java.command" value="C:\Users\Lenovo\AppData\Local\Temp\surefire975171759602232666\surefirebooter6497266308085626140.jar C:\Users\Lenovo\AppData\Local\Temp\surefire975171759602232666 2019-10-28T11-52-51_907-jvmRun1 surefire192515319888280012tmp surefire_08280414049891145853tmp"/>
    <property name="surefire.test.class.path" value="G:\books\demo\target\test-classes;G:\books\demo\target\classes;E:\maven3.6\repository\org\springframework\boot\spring-boot-starter-web\2.1.1.RELEASE\spring-boot-starter-web-2.1.1.RELEASE.jar;E:\maven3.6\repository\org\springframework\boot\spring-boot-starter\2.1.1.RELEASE\spring-boot-starter-2.1.1.RELEASE.jar;E:\maven3.6\repository\org\springframework\boot\spring-boot-starter-logging\2.1.1.RELEASE\spring-boot-starter-logging-2.1.1.RELEASE.jar;E:\maven3.6\repository\ch\qos\logback\logback-classic\1.2.3\logback-classic-1.2.3.jar;E:\maven3.6\repository\ch\qos\logback\logback-core\1.2.3\logback-core-1.2.3.jar;E:\maven3.6\repository\org\apache\logging\log4j\log4j-to-slf4j\2.11.1\log4j-to-slf4j-2.11.1.jar;E:\maven3.6\repository\org\apache\logging\log4j\log4j-api\2.11.1\log4j-api-2.11.1.jar;E:\maven3.6\repository\org\slf4j\jul-to-slf4j\1.7.25\jul-to-slf4j-1.7.25.jar;E:\maven3.6\repository\org\yaml\snakeyaml\1.23\snakeyaml-1.23.jar;E:\maven3.6\repository\org\springframework\boot\spring-boot-starter-json\2.1.1.RELEASE\spring-boot-starter-json-2.1.1.RELEASE.jar;E:\maven3.6\repository\com\fasterxml\jackson\core\jackson-databind\2.9.7\jackson-databind-2.9.7.jar;E:\maven3.6\repository\com\fasterxml\jackson\core\jackson-annotations\2.9.0\jackson-annotations-2.9.0.jar;E:\maven3.6\repository\com\fasterxml\jackson\datatype\jackson-datatype-jdk8\2.9.7\jackson-datatype-jdk8-2.9.7.jar;E:\maven3.6\repository\com\fasterxml\jackson\datatype\jackson-datatype-jsr310\2.9.7\jackson-datatype-jsr310-2.9.7.jar;E:\maven3.6\repository\com\fasterxml\jackson\module\jackson-module-parameter-names\2.9.7\jackson-module-parameter-names-2.9.7.jar;E:\maven3.6\repository\org\hibernate\validator\hibernate-validator\6.0.13.Final\hibernate-validator-6.0.13.Final.jar;E:\maven3.6\repository\javax\validation\validation-api\2.0.1.Final\validation-api-2.0.1.Final.jar;E:\maven3.6\repository\org\jboss\logging\jboss-logging\3.3.2.Final\jboss-logging-3.3.2.Final.jar;E:\maven3.6\repository\com\fasterxml\classmate\1.4.0\classmate-1.4.0.jar;E:\maven3.6\repository\org\springframework\spring-web\5.1.3.RELEASE\spring-web-5.1.3.RELEASE.jar;E:\maven3.6\repository\org\springframework\spring-beans\5.1.3.RELEASE\spring-beans-5.1.3.RELEASE.jar;E:\maven3.6\repository\org\springframework\spring-webmvc\5.1.3.RELEASE\spring-webmvc-5.1.3.RELEASE.jar;E:\maven3.6\repository\org\springframework\spring-aop\5.1.3.RELEASE\spring-aop-5.1.3.RELEASE.jar;E:\maven3.6\repository\org\springframework\spring-context\5.1.3.RELEASE\spring-context-5.1.3.RELEASE.jar;E:\maven3.6\repository\org\springframework\spring-expression\5.1.3.RELEASE\spring-expression-5.1.3.RELEASE.jar;E:\maven3.6\repository\org\springframework\boot\spring-boot-starter-tomcat\2.1.1.RELEASE\spring-boot-starter-tomcat-2.1.1.RELEASE.jar;E:\maven3.6\repository\javax\annotation\javax.annotation-api\1.3.2\javax.annotation-api-1.3.2.jar;E:\maven3.6\repository\org\apache\tomcat\embed\tomcat-embed-core\9.0.13\tomcat-embed-core-9.0.13.jar;E:\maven3.6\repository\org\apache\tomcat\embed\tomcat-embed-el\9.0.13\tomcat-embed-el-9.0.13.jar;E:\maven3.6\repository\org\apache\tomcat\embed\tomcat-embed-websocket\9.0.13\tomcat-embed-websocket-9.0.13.jar;E:\maven3.6\repository\org\springframework\boot\spring-boot-devtools\2.1.1.RELEASE\spring-boot-devtools-2.1.1.RELEASE.jar;E:\maven3.6\repository\org\springframework\boot\spring-boot\2.1.1.RELEASE\spring-boot-2.1.1.RELEASE.jar;E:\maven3.6\repository\org\springframework\boot\spring-boot-autoconfigure\2.1.1.RELEASE\spring-boot-autoconfigure-2.1.1.RELEASE.jar;E:\maven3.6\repository\org\springframework\boot\spring-boot-starter-data-jpa\2.1.1.RELEASE\spring-boot-starter-data-jpa-2.1.1.RELEASE.jar;E:\maven3.6\repository\org\springframework\boot\spring-boot-starter-aop\2.1.1.RELEASE\spring-boot-starter-aop-2.1.1.RELEASE.jar;E:\maven3.6\repository\org\aspectj\aspectjweaver\1.9.2\aspectjweaver-1.9.2.jar;E:\maven3.6\repository\org\springframework\boot\spring-boot-starter-jdbc\2.1.1.RELEASE\spring-boot-starter-jdbc-2.1.1.RELEASE.jar;E:\maven3.6\repository\com\zaxxer\HikariCP\3.2.0\HikariCP-3.2.0.jar;E:\maven3.6\repository\org\springframework\spring-jdbc\5.1.3.RELEASE\spring-jdbc-5.1.3.RELEASE.jar;E:\maven3.6\repository\javax\transaction\javax.transaction-api\1.3\javax.transaction-api-1.3.jar;E:\maven3.6\repository\javax\xml\bind\jaxb-api\2.3.1\jaxb-api-2.3.1.jar;E:\maven3.6\repository\javax\activation\javax.activation-api\1.2.0\javax.activation-api-1.2.0.jar;E:\maven3.6\repository\org\hibernate\hibernate-core\5.3.7.Final\hibernate-core-5.3.7.Final.jar;E:\maven3.6\repository\javax\persistence\javax.persistence-api\2.2\javax.persistence-api-2.2.jar;E:\maven3.6\repository\org\javassist\javassist\3.23.1-GA\javassist-3.23.1-GA.jar;E:\maven3.6\repository\net\bytebuddy\byte-buddy\1.9.5\byte-buddy-1.9.5.jar;E:\maven3.6\repository\antlr\antlr\2.7.7\antlr-2.7.7.jar;E:\maven3.6\repository\org\jboss\jandex\2.0.5.Final\jandex-2.0.5.Final.jar;E:\maven3.6\repository\org\dom4j\dom4j\2.1.1\dom4j-2.1.1.jar;E:\maven3.6\repository\org\hibernate\common\hibernate-commons-annotations\5.0.4.Final\hibernate-commons-annotations-5.0.4.Final.jar;E:\maven3.6\repository\org\springframework\data\spring-data-jpa\2.1.3.RELEASE\spring-data-jpa-2.1.3.RELEASE.jar;E:\maven3.6\repository\org\springframework\data\spring-data-commons\2.1.3.RELEASE\spring-data-commons-2.1.3.RELEASE.jar;E:\maven3.6\repository\org\springframework\spring-orm\5.1.3.RELEASE\spring-orm-5.1.3.RELEASE.jar;E:\maven3.6\repository\org\springframework\spring-tx\5.1.3.RELEASE\spring-tx-5.1.3.RELEASE.jar;E:\maven3.6\repository\org\slf4j\slf4j-api\1.7.25\slf4j-api-1.7.25.jar;E:\maven3.6\repository\org\springframework\spring-aspects\5.1.3.RELEASE\spring-aspects-5.1.3.RELEASE.jar;E:\maven3.6\repository\org\springframework\boot\spring-boot-starter-data-redis\2.1.1.RELEASE\spring-boot-starter-data-redis-2.1.1.RELEASE.jar;E:\maven3.6\repository\org\springframework\data\spring-data-redis\2.1.3.RELEASE\spring-data-redis-2.1.3.RELEASE.jar;E:\maven3.6\repository\org\springframework\data\spring-data-keyvalue\2.1.3.RELEASE\spring-data-keyvalue-2.1.3.RELEASE.jar;E:\maven3.6\repository\org\springframework\spring-oxm\5.1.3.RELEASE\spring-oxm-5.1.3.RELEASE.jar;E:\maven3.6\repository\org\springframework\spring-context-support\5.1.3.RELEASE\spring-context-support-5.1.3.RELEASE.jar;E:\maven3.6\repository\io\lettuce\lettuce-core\5.1.3.RELEASE\lettuce-core-5.1.3.RELEASE.jar;E:\maven3.6\repository\io\projectreactor\reactor-core\3.2.3.RELEASE\reactor-core-3.2.3.RELEASE.jar;E:\maven3.6\repository\org\reactivestreams\reactive-streams\1.0.2\reactive-streams-1.0.2.jar;E:\maven3.6\repository\io\netty\netty-common\4.1.31.Final\netty-common-4.1.31.Final.jar;E:\maven3.6\repository\io\netty\netty-transport\4.1.31.Final\netty-transport-4.1.31.Final.jar;E:\maven3.6\repository\io\netty\netty-buffer\4.1.31.Final\netty-buffer-4.1.31.Final.jar;E:\maven3.6\repository\io\netty\netty-resolver\4.1.31.Final\netty-resolver-4.1.31.Final.jar;E:\maven3.6\repository\io\netty\netty-handler\4.1.31.Final\netty-handler-4.1.31.Final.jar;E:\maven3.6\repository\io\netty\netty-codec\4.1.31.Final\netty-codec-4.1.31.Final.jar;E:\maven3.6\repository\org\springframework\boot\spring-boot-starter-test\2.1.1.RELEASE\spring-boot-starter-test-2.1.1.RELEASE.jar;E:\maven3.6\repository\org\springframework\boot\spring-boot-test\2.1.1.RELEASE\spring-boot-test-2.1.1.RELEASE.jar;E:\maven3.6\repository\org\springframework\boot\spring-boot-test-autoconfigure\2.1.1.RELEASE\spring-boot-test-autoconfigure-2.1.1.RELEASE.jar;E:\maven3.6\repository\com\jayway\jsonpath\json-path\2.4.0\json-path-2.4.0.jar;E:\maven3.6\repository\net\minidev\json-smart\2.3\json-smart-2.3.jar;E:\maven3.6\repository\net\minidev\accessors-smart\1.2\accessors-smart-1.2.jar;E:\maven3.6\repository\org\ow2\asm\asm\5.0.4\asm-5.0.4.jar;E:\maven3.6\repository\org\assertj\assertj-core\3.11.1\assertj-core-3.11.1.jar;E:\maven3.6\repository\org\mockito\mockito-core\2.23.4\mockito-core-2.23.4.jar;E:\maven3.6\repository\net\bytebuddy\byte-buddy-agent\1.9.5\byte-buddy-agent-1.9.5.jar;E:\maven3.6\repository\org\objenesis\objenesis\2.6\objenesis-2.6.jar;E:\maven3.6\repository\org\hamcrest\hamcrest-core\1.3\hamcrest-core-1.3.jar;E:\maven3.6\repository\org\hamcrest\hamcrest-library\1.3\hamcrest-library-1.3.jar;E:\maven3.6\repository\org\skyscreamer\jsonassert\1.5.0\jsonassert-1.5.0.jar;E:\maven3.6\repository\com\vaadin\external\google\android-json\0.0.20131108.vaadin1\android-json-0.0.20131108.vaadin1.jar;E:\maven3.6\repository\org\springframework\spring-core\5.1.3.RELEASE\spring-core-5.1.3.RELEASE.jar;E:\maven3.6\repository\org\springframework\spring-jcl\5.1.3.RELEASE\spring-jcl-5.1.3.RELEASE.jar;E:\maven3.6\repository\org\springframework\spring-test\5.1.3.RELEASE\spring-test-5.1.3.RELEASE.jar;E:\maven3.6\repository\org\xmlunit\xmlunit-core\2.6.2\xmlunit-core-2.6.2.jar;E:\maven3.6\repository\org\springframework\boot\spring-boot-starter-thymeleaf\2.1.1.RELEASE\spring-boot-starter-thymeleaf-2.1.1.RELEASE.jar;E:\maven3.6\repository\org\thymeleaf\thymeleaf-spring5\3.0.11.RELEASE\thymeleaf-spring5-3.0.11.RELEASE.jar;E:\maven3.6\repository\org\thymeleaf\thymeleaf\3.0.11.RELEASE\thymeleaf-3.0.11.RELEASE.jar;E:\maven3.6\repository\org\attoparser\attoparser\2.0.5.RELEASE\attoparser-2.0.5.RELEASE.jar;E:\maven3.6\repository\org\unbescape\unbescape\1.1.6.RELEASE\unbescape-1.1.6.RELEASE.jar;E:\maven3.6\repository\org\thymeleaf\extras\thymeleaf-extras-java8time\3.0.2.RELEASE\thymeleaf-extras-java8time-3.0.2.RELEASE.jar;E:\maven3.6\repository\org\springframework\boot\spring-boot-starter-data-elasticsearch\2.1.1.RELEASE\spring-boot-starter-data-elasticsearch-2.1.1.RELEASE.jar;E:\maven3.6\repository\org\springframework\data\spring-data-elasticsearch\3.1.3.RELEASE\spring-data-elasticsearch-3.1.3.RELEASE.jar;E:\maven3.6\repository\joda-time\joda-time\2.10.1\joda-time-2.10.1.jar;E:\maven3.6\repository\org\elasticsearch\client\transport\6.4.3\transport-6.4.3.jar;E:\maven3.6\repository\org\elasticsearch\elasticsearch\6.4.3\elasticsearch-6.4.3.jar;E:\maven3.6\repository\org\elasticsearch\elasticsearch-core\6.4.3\elasticsearch-core-6.4.3.jar;E:\maven3.6\repository\org\elasticsearch\elasticsearch-secure-sm\6.4.3\elasticsearch-secure-sm-6.4.3.jar;E:\maven3.6\repository\org\elasticsearch\elasticsearch-x-content\6.4.3\elasticsearch-x-content-6.4.3.jar;E:\maven3.6\repository\com\fasterxml\jackson\dataformat\jackson-dataformat-smile\2.9.7\jackson-dataformat-smile-2.9.7.jar;E:\maven3.6\repository\com\fasterxml\jackson\dataformat\jackson-dataformat-yaml\2.9.7\jackson-dataformat-yaml-2.9.7.jar;E:\maven3.6\repository\com\fasterxml\jackson\dataformat\jackson-dataformat-cbor\2.9.7\jackson-dataformat-cbor-2.9.7.jar;E:\maven3.6\repository\org\apache\lucene\lucene-core\7.4.0\lucene-core-7.4.0.jar;E:\maven3.6\repository\org\apache\lucene\lucene-analyzers-common\7.4.0\lucene-analyzers-common-7.4.0.jar;E:\maven3.6\repository\org\apache\lucene\lucene-backward-codecs\7.4.0\lucene-backward-codecs-7.4.0.jar;E:\maven3.6\repository\org\apache\lucene\lucene-grouping\7.4.0\lucene-grouping-7.4.0.jar;E:\maven3.6\repository\org\apache\lucene\lucene-highlighter\7.4.0\lucene-highlighter-7.4.0.jar;E:\maven3.6\repository\org\apache\lucene\lucene-join\7.4.0\lucene-join-7.4.0.jar;E:\maven3.6\repository\org\apache\lucene\lucene-memory\7.4.0\lucene-memory-7.4.0.jar;E:\maven3.6\repository\org\apache\lucene\lucene-misc\7.4.0\lucene-misc-7.4.0.jar;E:\maven3.6\repository\org\apache\lucene\lucene-queries\7.4.0\lucene-queries-7.4.0.jar;E:\maven3.6\repository\org\apache\lucene\lucene-queryparser\7.4.0\lucene-queryparser-7.4.0.jar;E:\maven3.6\repository\org\apache\lucene\lucene-sandbox\7.4.0\lucene-sandbox-7.4.0.jar;E:\maven3.6\repository\org\apache\lucene\lucene-spatial\7.4.0\lucene-spatial-7.4.0.jar;E:\maven3.6\repository\org\apache\lucene\lucene-spatial-extras\7.4.0\lucene-spatial-extras-7.4.0.jar;E:\maven3.6\repository\org\apache\lucene\lucene-spatial3d\7.4.0\lucene-spatial3d-7.4.0.jar;E:\maven3.6\repository\org\apache\lucene\lucene-suggest\7.4.0\lucene-suggest-7.4.0.jar;E:\maven3.6\repository\org\elasticsearch\elasticsearch-cli\6.4.3\elasticsearch-cli-6.4.3.jar;E:\maven3.6\repository\net\sf\jopt-simple\jopt-simple\5.0.2\jopt-simple-5.0.2.jar;E:\maven3.6\repository\com\carrotsearch\hppc\0.7.1\hppc-0.7.1.jar;E:\maven3.6\repository\com\tdunning\t-digest\3.2\t-digest-3.2.jar;E:\maven3.6\repository\org\hdrhistogram\HdrHistogram\2.1.9\HdrHistogram-2.1.9.jar;E:\maven3.6\repository\org\elasticsearch\jna\4.5.1\jna-4.5.1.jar;E:\maven3.6\repository\org\elasticsearch\plugin\reindex-client\6.4.3\reindex-client-6.4.3.jar;E:\maven3.6\repository\org\elasticsearch\client\elasticsearch-rest-client\6.4.3\elasticsearch-rest-client-6.4.3.jar;E:\maven3.6\repository\org\apache\httpcomponents\httpclient\4.5.6\httpclient-4.5.6.jar;E:\maven3.6\repository\org\apache\httpcomponents\httpcore\4.4.10\httpcore-4.4.10.jar;E:\maven3.6\repository\org\apache\httpcomponents\httpasyncclient\4.1.4\httpasyncclient-4.1.4.jar;E:\maven3.6\repository\org\apache\httpcomponents\httpcore-nio\4.4.10\httpcore-nio-4.4.10.jar;E:\maven3.6\repository\commons-codec\commons-codec\1.11\commons-codec-1.11.jar;E:\maven3.6\repository\org\elasticsearch\plugin\lang-mustache-client\6.4.3\lang-mustache-client-6.4.3.jar;E:\maven3.6\repository\com\github\spullara\mustache\java\compiler\0.9.3\compiler-0.9.3.jar;E:\maven3.6\repository\org\elasticsearch\plugin\percolator-client\6.4.3\percolator-client-6.4.3.jar;E:\maven3.6\repository\org\elasticsearch\plugin\parent-join-client\6.4.3\parent-join-client-6.4.3.jar;E:\maven3.6\repository\org\elasticsearch\plugin\rank-eval-client\6.4.3\rank-eval-client-6.4.3.jar;E:\maven3.6\repository\com\fasterxml\jackson\core\jackson-core\2.9.7\jackson-core-2.9.7.jar;E:\maven3.6\repository\org\elasticsearch\plugin\transport-netty4-client\6.4.3\transport-netty4-client-6.4.3.jar;E:\maven3.6\repository\io\netty\netty-codec-http\4.1.31.Final\netty-codec-http-4.1.31.Final.jar;E:\maven3.6\repository\com\sun\jna\jna\3.0.9\jna-3.0.9.jar;E:\maven3.6\repository\net\sourceforge\nekohtml\nekohtml\1.9.22\nekohtml-1.9.22.jar;E:\maven3.6\repository\xerces\xercesImpl\2.11.0\xercesImpl-2.11.0.jar;E:\maven3.6\repository\xml-apis\xml-apis\1.4.01\xml-apis-1.4.01.jar;E:\maven3.6\repository\junit\junit\4.12\junit-4.12.jar;E:\maven3.6\repository\org\apache\tomcat\embed\tomcat-embed-jasper\8.5.23\tomcat-embed-jasper-8.5.23.jar;E:\maven3.6\repository\org\eclipse\jdt\ecj\3.12.3\ecj-3.12.3.jar;E:\maven3.6\repository\mysql\mysql-connector-java\5.1.21\mysql-connector-java-5.1.21.jar;E:\maven3.6\repository\commons-lang\commons-lang\2.6\commons-lang-2.6.jar;E:\maven3.6\repository\org\apache\shiro\shiro-spring\1.3.2\shiro-spring-1.3.2.jar;E:\maven3.6\repository\org\apache\shiro\shiro-core\1.3.2\shiro-core-1.3.2.jar;E:\maven3.6\repository\commons-beanutils\commons-beanutils\1.8.3\commons-beanutils-1.8.3.jar;E:\maven3.6\repository\org\apache\shiro\shiro-web\1.3.2\shiro-web-1.3.2.jar;E:\maven3.6\repository\org\hsqldb\hsqldb\2.4.1\hsqldb-2.4.1.jar;E:\maven3.6\repository\net\gplatform\Sdk4J\2.0\Sdk4J-2.0.jar;"/>
    <property name="sun.cpu.endian" value="little"/>
    <property name="user.home" value="C:\Users\Lenovo"/>
    <property name="user.language" value="zh"/>
    <property name="java.specification.vendor" value="Oracle Corporation"/>
    <property name="java.home" value="C:\Program Files\Java\jdk1.8.0_92\jre"/>
    <property name="basedir" value="G:\books\demo"/>
    <property name="file.separator" value="\"/>
    <property name="line.separator" value="&#10;"/>
    <property name="java.vm.specification.vendor" value="Oracle Corporation"/>
    <property name="java.specification.name" value="Java Platform API Specification"/>
    <property name="java.awt.graphicsenv" value="sun.awt.Win32GraphicsEnvironment"/>
    <property name="surefire.real.class.path" value="C:\Users\Lenovo\AppData\Local\Temp\surefire975171759602232666\surefirebooter6497266308085626140.jar"/>
    <property name="sun.boot.class.path" value="C:\Program Files\Java\jdk1.8.0_92\jre\lib\resources.jar;C:\Program Files\Java\jdk1.8.0_92\jre\lib\rt.jar;C:\Program Files\Java\jdk1.8.0_92\jre\lib\sunrsasign.jar;C:\Program Files\Java\jdk1.8.0_92\jre\lib\jsse.jar;C:\Program Files\Java\jdk1.8.0_92\jre\lib\jce.jar;C:\Program Files\Java\jdk1.8.0_92\jre\lib\charsets.jar;C:\Program Files\Java\jdk1.8.0_92\jre\lib\jfr.jar;C:\Program Files\Java\jdk1.8.0_92\jre\classes"/>
    <property name="user.script" value=""/>
    <property name="sun.management.compiler" value="HotSpot 64-Bit Tiered Compilers"/>
    <property name="java.runtime.version" value="1.8.0_92-b14"/>
    <property name="user.name" value="Lenovo"/>
    <property name="path.separator" value=";"/>
    <property name="os.version" value="10.0"/>
    <property name="java.endorsed.dirs" value="C:\Program Files\Java\jdk1.8.0_92\jre\lib\endorsed"/>
    <property name="java.runtime.name" value="Java(TM) SE Runtime Environment"/>
    <property name="file.encoding" value="GBK"/>
    <property name="java.vm.name" value="Java HotSpot(TM) 64-Bit Server VM"/>
    <property name="localRepository" value="E:\maven3.6\repository"/>
    <property name="java.vendor.url.bug" value="http://bugreport.sun.com/bugreport/"/>
    <property name="java.io.tmpdir" value="C:\Users\Lenovo\AppData\Local\Temp\"/>
    <property name="idea.version" value="2018.2.4"/>
    <property name="java.version" value="1.8.0_92"/>
    <property name="user.dir" value="G:\books\demo"/>
    <property name="os.arch" value="amd64"/>
    <property name="java.vm.specification.name" value="Java Virtual Machine Specification"/>
    <property name="java.awt.printerjob" value="sun.awt.windows.WPrinterJob"/>
    <property name="sun.os.patch.level" value=""/>
    <property name="java.library.path" value="C:\Program Files\Java\jdk1.8.0_92\jre\bin;C:\WINDOWS\Sun\Java\bin;C:\WINDOWS\system32;C:\WINDOWS;G:\oracle11g\product\11.2.0\dbhome_1\bin;G:\oracle11g\app\oracle\product\11.2.0\server\bin;C:\oraclexe\app\oracle\product\11.2.0\server\bin;C:\ProgramData\Oracle\Java\javapath;C:\Program Files (x86)\Intel\Intel(R) Management Engine Components\iCLS\;C:\Program Files\Intel\Intel(R) Management Engine Components\iCLS\;C:\windows\system32;C:\windows;C:\windows\System32\Wbem;C:\windows\System32\WindowsPowerShell\v1.0\;C:\windows\System32\OpenSSH\;C:\Program Files (x86)\Intel\Intel(R) Management Engine Components\DAL;C:\Program Files\Intel\Intel(R) Management Engine Components\DAL;C:\Program Files (x86)\Intel\Intel(R) Management Engine Components\IPT;C:\Program Files\Intel\Intel(R) Management Engine Components\IPT;C:\Program Files (x86)\NVIDIA Corporation\PhysX\Common;C:\Program Files\NVIDIA Corporation\NVIDIA NvDLISR;E:\Node.js\;E:\Git\cmd;C:\Program Files\Java\jdk1.8.0_92\bin;C:\Program Files\Java\jdk1.8.0_92\jre\bin;;C:\WINDOWS\system32;C:\WINDOWS;C:\WINDOWS\System32\Wbem;C:\WINDOWS\System32\WindowsPowerShell\v1.0\;C:\WINDOWS\System32\OpenSSH\;C:\Users\Lenovo\AppData\Local\Microsoft\WindowsApps;C:\Users\Lenovo\AppData\Roaming\npm;;."/>
    <property name="java.vm.info" value="mixed mode"/>
    <property name="java.vendor" value="Oracle Corporation"/>
    <property name="java.vm.version" value="25.92-b14"/>
    <property name="java.ext.dirs" value="C:\Program Files\Java\jdk1.8.0_92\jre\lib\ext;C:\WINDOWS\Sun\Java\lib\ext"/>
    <property name="sun.io.unicode.encoding" value="UnicodeLittle"/>
    <property name="maven.repo.local" value="E:\maven3.6\repository"/>
    <property name="java.class.version" value="52.0"/>
  </properties>
  <testcase name="contextLoads" classname="com.test.demo.DemoApplicationTests" time="0.241"/>
</testsuite>